<?xml version="1.0" encoding="UTF-8"?>
<testng-results skipped="0" failed="0" ignored="0" total="1" passed="1">
  <reporter-output>
  </reporter-output>
  <suite name="Suite" duration-ms="140" started-at="2020-04-09T20:53:23Z" finished-at="2020-04-09T20:53:23Z">
    <groups>
    </groups>
    <test name="Test" duration-ms="140" started-at="2020-04-09T20:53:23Z" finished-at="2020-04-09T20:53:23Z">
      <class name="com.src.RunSeleniumScripts">
        <test-method status="PASS" signature="run()[pri:0, instance:com.src.RunSeleniumScripts@6ea12c19]" name="run" duration-ms="94" started-at="2020-04-10T02:23:23Z" finished-at="2020-04-10T02:23:23Z">
          <reporter-output>
          </reporter-output>
        </test-method> <!-- run -->
      </class> <!-- com.src.RunSeleniumScripts -->
    </test> <!-- Test -->
  </suite> <!-- Suite -->
</testng-results>
