<?xml version="1.0" encoding="UTF-8"?>
<testng-results skipped="0" failed="0" ignored="0" total="1" passed="1">
  <reporter-output>
  </reporter-output>
  <suite name="Suite" duration-ms="255083" started-at="2020-04-10T06:54:34Z" finished-at="2020-04-10T06:58:49Z">
    <groups>
    </groups>
    <test name="Test" duration-ms="255083" started-at="2020-04-10T06:54:34Z" finished-at="2020-04-10T06:58:49Z">
      <class name="com.src.SeleniumScript">
        <test-method status="PASS" signature="getValues()[pri:0, instance:com.src.SeleniumScript@e25b2fe]" name="getValues" duration-ms="255025" started-at="2020-04-10T12:24:34Z" finished-at="2020-04-10T12:28:49Z">
          <reporter-output>
          </reporter-output>
        </test-method> <!-- getValues -->
      </class> <!-- com.src.SeleniumScript -->
    </test> <!-- Test -->
  </suite> <!-- Suite -->
</testng-results>
